<?xml version="1.0" encoding="UTF-8" ?>
<testsuite errors="0" failures="4" hostname="EPAT-New" name="test.AllTests" skipped="0" tests="6" time="0.141" timestamp="2015-11-06T07:11:06">
  <properties>
    <property name="file.encoding.pkg" value="sun.io" />
    <property name="env.PROMPT" value="$P$G" />
    <property name="env.VS120COMNTOOLS" value="C:\Program Files (x86)\Microsoft Visual Studio 12.0\Common7\Tools\" />
    <property name="java.home" value="C:\Program Files\Java\jdk1.8.0_65\jre" />
    <property name="env.GIT_URL" value="https://github.com/testiss/StackAnnotation" />
    <property name="java.endorsed.dirs" value="C:\Program Files\Java\jdk1.8.0_65\jre\lib\endorsed" />
    <property name="env.USERNAME" value="EPAT-NEW$" />
    <property name="debuglevel" value="source,lines,vars" />
    <property name="env.HUDSON_HOME" value="C:\Program Files (x86)\Jenkins" />
    <property name="ECLIPSE_HOME" value="../../eclipse" />
    <property name="sun.os.patch.level" value="Service Pack 1" />
    <property name="java.vendor.url" value="http://java.oracle.com/" />
    <property name="env.COMPUTERNAME" value="EPAT-NEW" />
    <property name="env.=C:" value="C:\Program Files (x86)\Jenkins\workspace\TS-CI" />
    <property name="env.ProgramFiles(x86)" value="C:\Program Files (x86)" />
    <property name="env.NODE_NAME" value="master" />
    <property name="env.windows_tracing_flags" value="3" />
    <property name="java.version" value="1.8.0_65" />
    <property name="env.NODE_LABELS" value="master" />
    <property name="env.JENKINS_SERVER_COOKIE" value="80a460b85c3abc82" />
    <property name="java.vendor.url.bug" value="http://bugreport.sun.com/bugreport/" />
    <property name="env.USERPROFILE" value="C:\Windows\system32\config\systemprofile" />
    <property name="ant.project.invoked-targets" value="build" />
    <property name="env.SERVICE_ID" value="jenkins" />
    <property name="env.SystemRoot" value="C:\Windows" />
    <property name="user.name" value="EPAT-NEW$" />
    <property name="sun.io.unicode.encoding" value="UnicodeLittle" />
    <property name="sun.jnu.encoding" value="Cp1252" />
    <property name="java.runtime.name" value="Java(TM) SE Runtime Environment" />
    <property name="env.LOCALAPPDATA" value="C:\Windows\system32\config\systemprofile\AppData\Local" />
    <property name="java.specification.name" value="Java Platform API Specification" />
    <property name="user.timezone" value="" />
    <property name="user.script" value="" />
    <property name="path.separator" value=";" />
    <property name="env.PROCESSOR_IDENTIFIER" value="Intel64 Family 6 Model 23 Stepping 6, GenuineIntel" />
    <property name="env._JAVACMD" value="C:\Program Files\Java\jdk1.8.0_65\bin\java.exe" />
    <property name="file.encoding" value="Cp1252" />
    <property name="ant.project.default-target" value="build" />
    <property name="sun.java.command" value="org.apache.tools.ant.taskdefs.optional.junit.JUnitTestRunner test.AllTests skipNonTests=false filtertrace=true haltOnError=false haltOnFailure=false formatter=org.apache.tools.ant.taskdefs.optional.junit.OutErrSummaryJUnitResultFormatter showoutput=false outputtoformatters=true logfailedtests=true threadid=0 logtestlistenerevents=false formatter=org.apache.tools.ant.taskdefs.optional.junit.XMLJUnitResultFormatter,C:\Program Files (x86)\Jenkins\workspace\TS-CI\junit\TEST-test.AllTests.xml crashfile=C:\Program Files (x86)\Jenkins\workspace\TS-CI\junitvmwatcher6466441358822006581.properties propsfile=C:\Program Files (x86)\Jenkins\workspace\TS-CI\junit4175863269044590150.properties" />
    <property name="env.NUMBER_OF_PROCESSORS" value="2" />
    <property name="env.APPDATA" value="C:\Windows\system32\config\systemprofile\AppData\Roaming" />
    <property name="ant.file" value="C:\Program Files (x86)\Jenkins\workspace\TS-CI\build.xml" />
    <property name="env.BUILD_TAG" value="jenkins-TS-CI-10" />
    <property name="env.GIT_COMMITTER_NAME" value="jenkins" />
    <property name="java.io.tmpdir" value="C:\Windows\TEMP\" />
    <property name="user.language" value="en" />
    <property name="env.SystemDrive" value="C:" />
    <property name="line.separator" value="&#xd;&#xa;" />
    <property name="target" value="1.6" />
    <property name="ant.file.type" value="file" />
    <property name="env.JOB_NAME" value="TS-CI" />
    <property name="java.vm.info" value="mixed mode" />
    <property name="source" value="1.6" />
    <property name="env.BUILD_DISPLAY_NAME" value="#10" />
    <property name="sun.desktop" value="windows" />
    <property name="java.vm.specification.name" value="Java Virtual Machine Specification" />
    <property name="env.BUILD_URL" value="http://ci.agile.withiss.com/job/TS-CI/10/" />
    <property name="env.PATHEXT" value=".COM;.EXE;.BAT;.CMD;.VBS;.VBE;.JS;.JSE;.WSF;.WSH;.MSC" />
    <property name="env.GIT_COMMITTER_EMAIL" value="jenkins@withiss.com" />
    <property name="java.awt.printerjob" value="sun.awt.windows.WPrinterJob" />
    <property name="env.HUDSON_SERVER_COOKIE" value="80a460b85c3abc82" />
    <property name="env.PUBLIC" value="C:\Users\Public" />
    <property name="ant.version" value="Apache Ant(TM) version 1.9.6 compiled on June 29 2015" />
    <property name="env.USERDOMAIN" value="WORKGROUP" />
    <property name="env.PROCESSOR_LEVEL" value="6" />
    <property name="ant.file.StackAnnotationProject" value="C:\Program Files (x86)\Jenkins\workspace\TS-CI\build.xml" />
    <property name="env.windir" value="C:\Windows" />
    <property name="env.BUILD_NUMBER" value="10" />
    <property name="env.CommonProgramFiles(x86)" value="C:\Program Files (x86)\Common Files" />
    <property name="os.name" value="Windows Server 2008 R2" />
    <property name="java.specification.vendor" value="Oracle Corporation" />
    <property name="env.TMP" value="C:\Windows\TEMP" />
    <property name="java.vm.name" value="Java HotSpot(TM) 64-Bit Server VM" />
    <property name="env.ProgramData" value="C:\ProgramData" />
    <property name="env.JOB_URL" value="http://ci.agile.withiss.com/job/TS-CI/" />
    <property name="env.OS" value="Windows_NT" />
    <property name="java.library.path" value="C:\Program Files\Java\jdk1.8.0_65\jre\bin;C:\Windows\Sun\Java\bin;C:\Windows\system32;C:\Windows;C:\Program Files\Java\jdk1.8.0_65/bin;C:\Program Files\Java\jdk1.8.0_65/bin;C:\Windows\system32;C:\Windows;C:\Windows\System32\Wbem;C:\Windows\System32\WindowsPowerShell\v1.0\;C:\Program Files (x86)\Windows Kits\8.1\Windows Performance Toolkit\;C:\Program Files\Microsoft SQL Server\110\Tools\Binn\;C:\Program Files (x86)\Microsoft SDKs\TypeScript\1.0\;C:\Program Files\Microsoft SQL Server\120\Tools\Binn\;C:\Program Files\Microsoft\Web Platform Installer\;." />
    <property name="env.HUDSON_URL" value="http://ci.agile.withiss.com/" />
    <property name="ant.java.version" value="1.8" />
    <property name="env.JENKINS_URL" value="http://ci.agile.withiss.com/" />
    <property name="basedir" value="C:\Program Files (x86)\Jenkins\workspace\TS-CI" />
    <property name="java.class.version" value="52.0" />
    <property name="ant.home" value="C:\apache-ant-1.9.6" />
    <property name="env.Path" value="C:\Program Files\Java\jdk1.8.0_65/bin;C:\Program Files\Java\jdk1.8.0_65/bin;C:\Windows\system32;C:\Windows;C:\Windows\System32\Wbem;C:\Windows\System32\WindowsPowerShell\v1.0\;C:\Program Files (x86)\Windows Kits\8.1\Windows Performance Toolkit\;C:\Program Files\Microsoft SQL Server\110\Tools\Binn\;C:\Program Files (x86)\Microsoft SDKs\TypeScript\1.0\;C:\Program Files\Microsoft SQL Server\120\Tools\Binn\;C:\Program Files\Microsoft\Web Platform Installer\" />
    <property name="env.GIT_COMMIT" value="1ea480b6b508673a0952d34513da3ed6b301bac9" />
    <property name="env.JENKINS_HOME" value="C:\Program Files (x86)\Jenkins" />
    <property name="env.BASE" value="C:\Program Files (x86)\Jenkins" />
    <property name="env.windows_tracing_logfile" value="C:\BVTBin\Tests\installpackage\csilogfile.log" />
    <property name="sun.boot.library.path" value="C:\Program Files\Java\jdk1.8.0_65\jre\bin" />
    <property name="env.PROCESSOR_REVISION" value="1706" />
    <property name="sun.management.compiler" value="HotSpot 64-Bit Tiered Compilers" />
    <property name="java.awt.graphicsenv" value="sun.awt.Win32GraphicsEnvironment" />
    <property name="user.variant" value="" />
    <property name="ant.project.name" value="StackAnnotationProject" />
    <property name="java.vm.specification.version" value="1.8" />
    <property name="awt.toolkit" value="sun.awt.windows.WToolkit" />
    <property name="env.GIT_AUTHOR_NAME" value="jenkins" />
    <property name="sun.cpu.isalist" value="amd64" />
    <property name="java.ext.dirs" value="C:\Program Files\Java\jdk1.8.0_65\jre\lib\ext;C:\Windows\Sun\Java\lib\ext" />
    <property name="os.version" value="6.1" />
    <property name="env.GIT_AUTHOR_EMAIL" value="jenkins@withiss.com" />
    <property name="user.home" value="C:\Windows\system32\config\systemprofile" />
    <property name="java.vm.vendor" value="Oracle Corporation" />
    <property name="env.CommonProgramW6432" value="C:\Program Files\Common Files" />
    <property name="env.JAVA_HOME" value="C:\Program Files\Java\jdk1.8.0_65" />
    <property name="env.ProgramW6432" value="C:\Program Files" />
    <property name="junit.output.dir" value="junit" />
    <property name="user.dir" value="C:\Program Files (x86)\Jenkins\workspace\TS-CI" />
    <property name="env.FP_NO_HOST_CHECK" value="NO" />
    <property name="sun.cpu.endian" value="little" />
    <property name="env._USE_CLASSPATH" value="no" />
    <property name="env.ALLUSERSPROFILE" value="C:\ProgramData" />
    <property name="env.GIT_PREVIOUS_COMMIT" value="1ea480b6b508673a0952d34513da3ed6b301bac9" />
    <property name="env.WINSW_EXECUTABLE" value="C:\Program Files (x86)\Jenkins\jenkins.exe" />
    <property name="env.PROCESSOR_ARCHITECTURE" value="AMD64" />
    <property name="java.vm.version" value="25.65-b01" />
    <property name="java.class.path" value="C:\Program Files (x86)\Jenkins\workspace\TS-CI\bin;C:\Program Files (x86)\Jenkins\workspace\TS-CI\lib\junit-4.11.jar;C:\Program Files (x86)\Jenkins\workspace\TS-CI\lib\hamcrest-core-1.3.jar;C:\apache-ant-1.9.6\lib\ant-launcher.jar;C:\apache-ant-1.9.6\lib\ant.jar;C:\apache-ant-1.9.6\lib\ant-junit.jar;C:\apache-ant-1.9.6\lib\ant-junit4.jar" />
    <property name="ant.library.dir" value="C:\apache-ant-1.9.6\lib" />
    <property name="os.arch" value="amd64" />
    <property name="sun.java.launcher" value="SUN_STANDARD" />
    <property name="env.CommonProgramFiles" value="C:\Program Files\Common Files" />
    <property name="env.BUILD_ID" value="10" />
    <property name="ant.core.lib" value="C:\apache-ant-1.9.6\lib\ant.jar" />
    <property name="env.ProgramFiles" value="C:\Program Files" />
    <property name="java.vm.specification.vendor" value="Oracle Corporation" />
    <property name="file.separator" value="\" />
    <property name="env.GIT_BRANCH" value="origin/master" />
    <property name="env.ANT_CMD_LINE_ARGS" value=" build" />
    <property name="java.runtime.version" value="1.8.0_65-b17" />
    <property name="sun.boot.class.path" value="C:\Program Files\Java\jdk1.8.0_65\jre\lib\resources.jar;C:\Program Files\Java\jdk1.8.0_65\jre\lib\rt.jar;C:\Program Files\Java\jdk1.8.0_65\jre\lib\sunrsasign.jar;C:\Program Files\Java\jdk1.8.0_65\jre\lib\jsse.jar;C:\Program Files\Java\jdk1.8.0_65\jre\lib\jce.jar;C:\Program Files\Java\jdk1.8.0_65\jre\lib\charsets.jar;C:\Program Files\Java\jdk1.8.0_65\jre\lib\jfr.jar;C:\Program Files\Java\jdk1.8.0_65\jre\classes" />
    <property name="env.ComSpec" value="C:\Windows\system32\cmd.exe" />
    <property name="env.WORKSPACE" value="C:\Program Files (x86)\Jenkins\workspace\TS-CI" />
    <property name="env.GIT_PREVIOUS_SUCCESSFUL_COMMIT" value="ed8a1d600d6c677ddef990e25ad1a1f9cb7c1829" />
    <property name="env.TEMP" value="C:\Windows\TEMP" />
    <property name="env.VS110COMNTOOLS" value="C:\Program Files (x86)\Microsoft Visual Studio 11.0\Common7\Tools\" />
    <property name="env.ANT_HOME" value="C:\apache-ant-1.9.6" />
    <property name="user.country" value="SG" />
    <property name="env.EXECUTOR_NUMBER" value="0" />
    <property name="ant.file.type.StackAnnotationProject" value="file" />
    <property name="java.vendor" value="Oracle Corporation" />
    <property name="env.PSModulePath" value="C:\Windows\system32\WindowsPowerShell\v1.0\Modules\" />
    <property name="env.HUDSON_COOKIE" value="d36faca3-7842-48a9-9787-522f8f7052f2" />
    <property name="java.specification.version" value="1.8" />
    <property name="sun.arch.data.model" value="64" />
  </properties>
  <testcase classname="test.MyStringStackTest" name="testStackNull" time="0.016">
    <failure type="junit.framework.AssertionFailedError">junit.framework.AssertionFailedError
	at test.MyStringStackTest.testStackNull(MyStringStackTest.java:114)
</failure>
  </testcase>
  <testcase classname="test.MyStringStackTest" name="testPop" time="0.0">
    <failure message="Stack should be empty after popping all elements" type="junit.framework.AssertionFailedError">junit.framework.AssertionFailedError: Stack should be empty after popping all elements
	at test.MyStringStackTest.testPop(MyStringStackTest.java:62)
</failure>
  </testcase>
  <testcase classname="test.MyStringStackTest" name="testClear" time="0.0" />
  <testcase classname="test.MyStringStackTest" name="testPush" time="0.0" />
  <testcase classname="test.MyStringStackTest" name="testStackSequence" time="0.0">
    <failure message="expected same:&lt;Hello&gt; was not:&lt;there&gt;" type="junit.framework.AssertionFailedError">junit.framework.AssertionFailedError: expected same:&lt;Hello&gt; was not:&lt;there&gt;
	at test.MyStringStackTest.testStackSequence(MyStringStackTest.java:135)
</failure>
  </testcase>
  <testcase classname="test.MyStringStackTest" name="testIsEmpty" time="0.016">
    <failure type="junit.framework.AssertionFailedError">junit.framework.AssertionFailedError
	at test.MyStringStackTest.testIsEmpty(MyStringStackTest.java:80)
</failure>
  </testcase>
  <system-out><![CDATA[Test for default package
hello
hello
hello
hello
hello
hello
]]></system-out>
  <system-err><![CDATA[]]></system-err>
</testsuite>
